<?xml version="1.0" encoding="UTF-8"?>
<testng-results ignored="0" total="1" passed="1" failed="0" skipped="0">
  <reporter-output>
  </reporter-output>
  <suite started-at="2024-07-06T07:54:12 EEST" name="Default suite" finished-at="2024-07-06T07:54:17 EEST" duration-ms="5119">
    <groups>
    </groups>
    <test started-at="2024-07-06T07:54:12 EEST" name="Default test" finished-at="2024-07-06T07:54:17 EEST" duration-ms="5119">
      <class name="myTestCases">
        <test-method is-config="true" signature="Setup()[pri:0, instance:myTestCases@21005f6c]" started-at="2024-07-06T07:54:12 EEST" name="Setup" finished-at="2024-07-06T07:54:12 EEST" duration-ms="723" status="PASS">
          <reporter-output>
          </reporter-output>
        </test-method> <!-- Setup -->
        <test-method signature="getData()[pri:0, instance:myTestCases@21005f6c]" started-at="2024-07-06T07:54:12 EEST" name="getData" finished-at="2024-07-06T07:54:17 EEST" duration-ms="4335" status="PASS">
          <reporter-output>
          </reporter-output>
        </test-method> <!-- getData -->
      </class> <!-- myTestCases -->
    </test> <!-- Default test -->
  </suite> <!-- Default suite -->
</testng-results>
